   0  $accept : %entry% $end

   1  program : fdecl
   2          | program fdecl

   3  fdecl : FUNCTION ID formal_list COLON stmt_list END

   4  formal_list : ID
   5              | formal_list ID

   6  stmt_list : stmt
   7            | stmt_list stmt

   8  stmt : expr
   9       | IF expr COLON stmt_list ELSE stmt_list END

  10  expr : ID
  11       | expr PLUS expr
  12       | expr MINUS expr
  13       | expr TIMES expr
  14       | expr DIV expr
  15       | expr MOD expr
  16       | expr EQUALITY expr
  17       | expr GTHAN expr
  18       | expr LTHAN expr
  19       | expr NSUB expr
  20       | expr NEQUAL expr
  21       | expr AND expr
  22       | NOT expr
  23       | expr OR expr
  24       | ID ASSIGN expr
  25       | LITERAL
  26       | STR
  27       | LBRACE optionals_list RBRACE
  28       | ID LPAREN actuals_list RPAREN

  29  optionals_list :
  30                 | actuals_list

  31  actuals_list : expr
  32               | actuals_list expr

  33  %entry% : '\001' program

state 0
	$accept : . %entry% $end  (0)

	'\001'  shift 1
	.  error

	%entry%  goto 2


state 1
	%entry% : '\001' . program  (33)

	FUNCTION  shift 3
	.  error

	program  goto 4
	fdecl  goto 5


state 2
	$accept : %entry% . $end  (0)

	$end  accept


state 3
	fdecl : FUNCTION . ID formal_list COLON stmt_list END  (3)

	ID  shift 6
	.  error


state 4
	program : program . fdecl  (2)
	%entry% : '\001' program .  (33)

	FUNCTION  shift 3
	$end  reduce 33

	fdecl  goto 7


state 5
	program : fdecl .  (1)

	.  reduce 1


state 6
	fdecl : FUNCTION ID . formal_list COLON stmt_list END  (3)

	ID  shift 8
	.  error

	formal_list  goto 9


state 7
	program : program fdecl .  (2)

	.  reduce 2


state 8
	formal_list : ID .  (4)

	.  reduce 4


state 9
	fdecl : FUNCTION ID formal_list . COLON stmt_list END  (3)
	formal_list : formal_list . ID  (5)

	COLON  shift 10
	ID  shift 11
	.  error


state 10
	fdecl : FUNCTION ID formal_list COLON . stmt_list END  (3)

	LBRACE  shift 12
	NOT  shift 13
	IF  shift 14
	LITERAL  shift 15
	ID  shift 16
	STR  shift 17
	.  error

	stmt_list  goto 18
	stmt  goto 19
	expr  goto 20


state 11
	formal_list : formal_list ID .  (5)

	.  reduce 5


state 12
	expr : LBRACE . optionals_list RBRACE  (27)
	optionals_list : .  (29)

	LBRACE  shift 12
	NOT  shift 13
	LITERAL  shift 15
	ID  shift 16
	STR  shift 17
	RBRACE  reduce 29

	expr  goto 21
	optionals_list  goto 22
	actuals_list  goto 23


state 13
	expr : NOT . expr  (22)

	LBRACE  shift 12
	NOT  shift 13
	LITERAL  shift 15
	ID  shift 16
	STR  shift 17
	.  error

	expr  goto 24


state 14
	stmt : IF . expr COLON stmt_list ELSE stmt_list END  (9)

	LBRACE  shift 12
	NOT  shift 13
	LITERAL  shift 15
	ID  shift 16
	STR  shift 17
	.  error

	expr  goto 25


state 15
	expr : LITERAL .  (25)

	.  reduce 25


state 16
	expr : ID .  (10)
	expr : ID . ASSIGN expr  (24)
	expr : ID . LPAREN actuals_list RPAREN  (28)

	LPAREN  shift 26
	ASSIGN  shift 27
	RPAREN  reduce 10
	LBRACE  reduce 10
	RBRACE  reduce 10
	PLUS  reduce 10
	MINUS  reduce 10
	TIMES  reduce 10
	DIV  reduce 10
	MOD  reduce 10
	AND  reduce 10
	NOT  reduce 10
	OR  reduce 10
	LTHAN  reduce 10
	GTHAN  reduce 10
	EQUALITY  reduce 10
	NSUB  reduce 10
	NEQUAL  reduce 10
	IF  reduce 10
	ELSE  reduce 10
	END  reduce 10
	COLON  reduce 10
	LITERAL  reduce 10
	ID  reduce 10
	STR  reduce 10


state 17
	expr : STR .  (26)

	.  reduce 26


state 18
	fdecl : FUNCTION ID formal_list COLON stmt_list . END  (3)
	stmt_list : stmt_list . stmt  (7)

	LBRACE  shift 12
	NOT  shift 13
	IF  shift 14
	END  shift 28
	LITERAL  shift 15
	ID  shift 16
	STR  shift 17
	.  error

	stmt  goto 29
	expr  goto 20


state 19
	stmt_list : stmt .  (6)

	.  reduce 6


state 20
	stmt : expr .  (8)
	expr : expr . PLUS expr  (11)
	expr : expr . MINUS expr  (12)
	expr : expr . TIMES expr  (13)
	expr : expr . DIV expr  (14)
	expr : expr . MOD expr  (15)
	expr : expr . EQUALITY expr  (16)
	expr : expr . GTHAN expr  (17)
	expr : expr . LTHAN expr  (18)
	expr : expr . NSUB expr  (19)
	expr : expr . NEQUAL expr  (20)
	expr : expr . AND expr  (21)
	expr : expr . OR expr  (23)

	PLUS  shift 30
	MINUS  shift 31
	TIMES  shift 32
	DIV  shift 33
	MOD  shift 34
	AND  shift 35
	OR  shift 36
	LTHAN  shift 37
	GTHAN  shift 38
	EQUALITY  shift 39
	NSUB  shift 40
	NEQUAL  shift 41
	LBRACE  reduce 8
	NOT  reduce 8
	IF  reduce 8
	ELSE  reduce 8
	END  reduce 8
	LITERAL  reduce 8
	ID  reduce 8
	STR  reduce 8


state 21
	expr : expr . PLUS expr  (11)
	expr : expr . MINUS expr  (12)
	expr : expr . TIMES expr  (13)
	expr : expr . DIV expr  (14)
	expr : expr . MOD expr  (15)
	expr : expr . EQUALITY expr  (16)
	expr : expr . GTHAN expr  (17)
	expr : expr . LTHAN expr  (18)
	expr : expr . NSUB expr  (19)
	expr : expr . NEQUAL expr  (20)
	expr : expr . AND expr  (21)
	expr : expr . OR expr  (23)
	actuals_list : expr .  (31)

	PLUS  shift 30
	MINUS  shift 31
	TIMES  shift 32
	DIV  shift 33
	MOD  shift 34
	AND  shift 35
	OR  shift 36
	LTHAN  shift 37
	GTHAN  shift 38
	EQUALITY  shift 39
	NSUB  shift 40
	NEQUAL  shift 41
	RPAREN  reduce 31
	LBRACE  reduce 31
	RBRACE  reduce 31
	NOT  reduce 31
	LITERAL  reduce 31
	ID  reduce 31
	STR  reduce 31


state 22
	expr : LBRACE optionals_list . RBRACE  (27)

	RBRACE  shift 42
	.  error


state 23
	optionals_list : actuals_list .  (30)
	actuals_list : actuals_list . expr  (32)

	LBRACE  shift 12
	NOT  shift 13
	LITERAL  shift 15
	ID  shift 16
	STR  shift 17
	RBRACE  reduce 30

	expr  goto 43


state 24
	expr : expr . PLUS expr  (11)
	expr : expr . MINUS expr  (12)
	expr : expr . TIMES expr  (13)
	expr : expr . DIV expr  (14)
	expr : expr . MOD expr  (15)
	expr : expr . EQUALITY expr  (16)
	expr : expr . GTHAN expr  (17)
	expr : expr . LTHAN expr  (18)
	expr : expr . NSUB expr  (19)
	expr : expr . NEQUAL expr  (20)
	expr : expr . AND expr  (21)
	expr : NOT expr .  (22)
	expr : expr . OR expr  (23)

	PLUS  shift 30
	MINUS  shift 31
	TIMES  shift 32
	DIV  shift 33
	MOD  shift 34
	NSUB  shift 40
	RPAREN  reduce 22
	LBRACE  reduce 22
	RBRACE  reduce 22
	AND  reduce 22
	NOT  reduce 22
	OR  reduce 22
	LTHAN  reduce 22
	GTHAN  reduce 22
	EQUALITY  reduce 22
	NEQUAL  reduce 22
	IF  reduce 22
	ELSE  reduce 22
	END  reduce 22
	COLON  reduce 22
	LITERAL  reduce 22
	ID  reduce 22
	STR  reduce 22


state 25
	stmt : IF expr . COLON stmt_list ELSE stmt_list END  (9)
	expr : expr . PLUS expr  (11)
	expr : expr . MINUS expr  (12)
	expr : expr . TIMES expr  (13)
	expr : expr . DIV expr  (14)
	expr : expr . MOD expr  (15)
	expr : expr . EQUALITY expr  (16)
	expr : expr . GTHAN expr  (17)
	expr : expr . LTHAN expr  (18)
	expr : expr . NSUB expr  (19)
	expr : expr . NEQUAL expr  (20)
	expr : expr . AND expr  (21)
	expr : expr . OR expr  (23)

	PLUS  shift 30
	MINUS  shift 31
	TIMES  shift 32
	DIV  shift 33
	MOD  shift 34
	AND  shift 35
	OR  shift 36
	LTHAN  shift 37
	GTHAN  shift 38
	EQUALITY  shift 39
	NSUB  shift 40
	NEQUAL  shift 41
	COLON  shift 44
	.  error


state 26
	expr : ID LPAREN . actuals_list RPAREN  (28)

	LBRACE  shift 12
	NOT  shift 13
	LITERAL  shift 15
	ID  shift 16
	STR  shift 17
	.  error

	expr  goto 21
	actuals_list  goto 45


state 27
	expr : ID ASSIGN . expr  (24)

	LBRACE  shift 12
	NOT  shift 13
	LITERAL  shift 15
	ID  shift 16
	STR  shift 17
	.  error

	expr  goto 46


state 28
	fdecl : FUNCTION ID formal_list COLON stmt_list END .  (3)

	.  reduce 3


state 29
	stmt_list : stmt_list stmt .  (7)

	.  reduce 7


state 30
	expr : expr PLUS . expr  (11)

	LBRACE  shift 12
	NOT  shift 13
	LITERAL  shift 15
	ID  shift 16
	STR  shift 17
	.  error

	expr  goto 47


state 31
	expr : expr MINUS . expr  (12)

	LBRACE  shift 12
	NOT  shift 13
	LITERAL  shift 15
	ID  shift 16
	STR  shift 17
	.  error

	expr  goto 48


state 32
	expr : expr TIMES . expr  (13)

	LBRACE  shift 12
	NOT  shift 13
	LITERAL  shift 15
	ID  shift 16
	STR  shift 17
	.  error

	expr  goto 49


state 33
	expr : expr DIV . expr  (14)

	LBRACE  shift 12
	NOT  shift 13
	LITERAL  shift 15
	ID  shift 16
	STR  shift 17
	.  error

	expr  goto 50


state 34
	expr : expr MOD . expr  (15)

	LBRACE  shift 12
	NOT  shift 13
	LITERAL  shift 15
	ID  shift 16
	STR  shift 17
	.  error

	expr  goto 51


state 35
	expr : expr AND . expr  (21)

	LBRACE  shift 12
	NOT  shift 13
	LITERAL  shift 15
	ID  shift 16
	STR  shift 17
	.  error

	expr  goto 52


state 36
	expr : expr OR . expr  (23)

	LBRACE  shift 12
	NOT  shift 13
	LITERAL  shift 15
	ID  shift 16
	STR  shift 17
	.  error

	expr  goto 53


state 37
	expr : expr LTHAN . expr  (18)

	LBRACE  shift 12
	NOT  shift 13
	LITERAL  shift 15
	ID  shift 16
	STR  shift 17
	.  error

	expr  goto 54


state 38
	expr : expr GTHAN . expr  (17)

	LBRACE  shift 12
	NOT  shift 13
	LITERAL  shift 15
	ID  shift 16
	STR  shift 17
	.  error

	expr  goto 55


state 39
	expr : expr EQUALITY . expr  (16)

	LBRACE  shift 12
	NOT  shift 13
	LITERAL  shift 15
	ID  shift 16
	STR  shift 17
	.  error

	expr  goto 56


state 40
	expr : expr NSUB . expr  (19)

	LBRACE  shift 12
	NOT  shift 13
	LITERAL  shift 15
	ID  shift 16
	STR  shift 17
	.  error

	expr  goto 57


state 41
	expr : expr NEQUAL . expr  (20)

	LBRACE  shift 12
	NOT  shift 13
	LITERAL  shift 15
	ID  shift 16
	STR  shift 17
	.  error

	expr  goto 58


state 42
	expr : LBRACE optionals_list RBRACE .  (27)

	.  reduce 27


state 43
	expr : expr . PLUS expr  (11)
	expr : expr . MINUS expr  (12)
	expr : expr . TIMES expr  (13)
	expr : expr . DIV expr  (14)
	expr : expr . MOD expr  (15)
	expr : expr . EQUALITY expr  (16)
	expr : expr . GTHAN expr  (17)
	expr : expr . LTHAN expr  (18)
	expr : expr . NSUB expr  (19)
	expr : expr . NEQUAL expr  (20)
	expr : expr . AND expr  (21)
	expr : expr . OR expr  (23)
	actuals_list : actuals_list expr .  (32)

	PLUS  shift 30
	MINUS  shift 31
	TIMES  shift 32
	DIV  shift 33
	MOD  shift 34
	AND  shift 35
	OR  shift 36
	LTHAN  shift 37
	GTHAN  shift 38
	EQUALITY  shift 39
	NSUB  shift 40
	NEQUAL  shift 41
	RPAREN  reduce 32
	LBRACE  reduce 32
	RBRACE  reduce 32
	NOT  reduce 32
	LITERAL  reduce 32
	ID  reduce 32
	STR  reduce 32


state 44
	stmt : IF expr COLON . stmt_list ELSE stmt_list END  (9)

	LBRACE  shift 12
	NOT  shift 13
	IF  shift 14
	LITERAL  shift 15
	ID  shift 16
	STR  shift 17
	.  error

	stmt_list  goto 59
	stmt  goto 19
	expr  goto 20


state 45
	expr : ID LPAREN actuals_list . RPAREN  (28)
	actuals_list : actuals_list . expr  (32)

	RPAREN  shift 60
	LBRACE  shift 12
	NOT  shift 13
	LITERAL  shift 15
	ID  shift 16
	STR  shift 17
	.  error

	expr  goto 43


state 46
	expr : expr . PLUS expr  (11)
	expr : expr . MINUS expr  (12)
	expr : expr . TIMES expr  (13)
	expr : expr . DIV expr  (14)
	expr : expr . MOD expr  (15)
	expr : expr . EQUALITY expr  (16)
	expr : expr . GTHAN expr  (17)
	expr : expr . LTHAN expr  (18)
	expr : expr . NSUB expr  (19)
	expr : expr . NEQUAL expr  (20)
	expr : expr . AND expr  (21)
	expr : expr . OR expr  (23)
	expr : ID ASSIGN expr .  (24)

	PLUS  shift 30
	MINUS  shift 31
	TIMES  shift 32
	DIV  shift 33
	MOD  shift 34
	AND  shift 35
	OR  shift 36
	LTHAN  shift 37
	GTHAN  shift 38
	EQUALITY  shift 39
	NSUB  shift 40
	NEQUAL  shift 41
	RPAREN  reduce 24
	LBRACE  reduce 24
	RBRACE  reduce 24
	NOT  reduce 24
	IF  reduce 24
	ELSE  reduce 24
	END  reduce 24
	COLON  reduce 24
	LITERAL  reduce 24
	ID  reduce 24
	STR  reduce 24


state 47
	expr : expr . PLUS expr  (11)
	expr : expr PLUS expr .  (11)
	expr : expr . MINUS expr  (12)
	expr : expr . TIMES expr  (13)
	expr : expr . DIV expr  (14)
	expr : expr . MOD expr  (15)
	expr : expr . EQUALITY expr  (16)
	expr : expr . GTHAN expr  (17)
	expr : expr . LTHAN expr  (18)
	expr : expr . NSUB expr  (19)
	expr : expr . NEQUAL expr  (20)
	expr : expr . AND expr  (21)
	expr : expr . OR expr  (23)

	TIMES  shift 32
	DIV  shift 33
	MOD  shift 34
	RPAREN  reduce 11
	LBRACE  reduce 11
	RBRACE  reduce 11
	PLUS  reduce 11
	MINUS  reduce 11
	AND  reduce 11
	NOT  reduce 11
	OR  reduce 11
	LTHAN  reduce 11
	GTHAN  reduce 11
	EQUALITY  reduce 11
	NSUB  reduce 11
	NEQUAL  reduce 11
	IF  reduce 11
	ELSE  reduce 11
	END  reduce 11
	COLON  reduce 11
	LITERAL  reduce 11
	ID  reduce 11
	STR  reduce 11


state 48
	expr : expr . PLUS expr  (11)
	expr : expr . MINUS expr  (12)
	expr : expr MINUS expr .  (12)
	expr : expr . TIMES expr  (13)
	expr : expr . DIV expr  (14)
	expr : expr . MOD expr  (15)
	expr : expr . EQUALITY expr  (16)
	expr : expr . GTHAN expr  (17)
	expr : expr . LTHAN expr  (18)
	expr : expr . NSUB expr  (19)
	expr : expr . NEQUAL expr  (20)
	expr : expr . AND expr  (21)
	expr : expr . OR expr  (23)

	TIMES  shift 32
	DIV  shift 33
	MOD  shift 34
	RPAREN  reduce 12
	LBRACE  reduce 12
	RBRACE  reduce 12
	PLUS  reduce 12
	MINUS  reduce 12
	AND  reduce 12
	NOT  reduce 12
	OR  reduce 12
	LTHAN  reduce 12
	GTHAN  reduce 12
	EQUALITY  reduce 12
	NSUB  reduce 12
	NEQUAL  reduce 12
	IF  reduce 12
	ELSE  reduce 12
	END  reduce 12
	COLON  reduce 12
	LITERAL  reduce 12
	ID  reduce 12
	STR  reduce 12


state 49
	expr : expr . PLUS expr  (11)
	expr : expr . MINUS expr  (12)
	expr : expr . TIMES expr  (13)
	expr : expr TIMES expr .  (13)
	expr : expr . DIV expr  (14)
	expr : expr . MOD expr  (15)
	expr : expr . EQUALITY expr  (16)
	expr : expr . GTHAN expr  (17)
	expr : expr . LTHAN expr  (18)
	expr : expr . NSUB expr  (19)
	expr : expr . NEQUAL expr  (20)
	expr : expr . AND expr  (21)
	expr : expr . OR expr  (23)

	.  reduce 13


state 50
	expr : expr . PLUS expr  (11)
	expr : expr . MINUS expr  (12)
	expr : expr . TIMES expr  (13)
	expr : expr . DIV expr  (14)
	expr : expr DIV expr .  (14)
	expr : expr . MOD expr  (15)
	expr : expr . EQUALITY expr  (16)
	expr : expr . GTHAN expr  (17)
	expr : expr . LTHAN expr  (18)
	expr : expr . NSUB expr  (19)
	expr : expr . NEQUAL expr  (20)
	expr : expr . AND expr  (21)
	expr : expr . OR expr  (23)

	.  reduce 14


state 51
	expr : expr . PLUS expr  (11)
	expr : expr . MINUS expr  (12)
	expr : expr . TIMES expr  (13)
	expr : expr . DIV expr  (14)
	expr : expr . MOD expr  (15)
	expr : expr MOD expr .  (15)
	expr : expr . EQUALITY expr  (16)
	expr : expr . GTHAN expr  (17)
	expr : expr . LTHAN expr  (18)
	expr : expr . NSUB expr  (19)
	expr : expr . NEQUAL expr  (20)
	expr : expr . AND expr  (21)
	expr : expr . OR expr  (23)

	.  reduce 15


state 52
	expr : expr . PLUS expr  (11)
	expr : expr . MINUS expr  (12)
	expr : expr . TIMES expr  (13)
	expr : expr . DIV expr  (14)
	expr : expr . MOD expr  (15)
	expr : expr . EQUALITY expr  (16)
	expr : expr . GTHAN expr  (17)
	expr : expr . LTHAN expr  (18)
	expr : expr . NSUB expr  (19)
	expr : expr . NEQUAL expr  (20)
	expr : expr . AND expr  (21)
	expr : expr AND expr .  (21)
	expr : expr . OR expr  (23)

	PLUS  shift 30
	MINUS  shift 31
	TIMES  shift 32
	DIV  shift 33
	MOD  shift 34
	NSUB  shift 40
	RPAREN  reduce 21
	LBRACE  reduce 21
	RBRACE  reduce 21
	AND  reduce 21
	NOT  reduce 21
	OR  reduce 21
	LTHAN  reduce 21
	GTHAN  reduce 21
	EQUALITY  reduce 21
	NEQUAL  reduce 21
	IF  reduce 21
	ELSE  reduce 21
	END  reduce 21
	COLON  reduce 21
	LITERAL  reduce 21
	ID  reduce 21
	STR  reduce 21


state 53
	expr : expr . PLUS expr  (11)
	expr : expr . MINUS expr  (12)
	expr : expr . TIMES expr  (13)
	expr : expr . DIV expr  (14)
	expr : expr . MOD expr  (15)
	expr : expr . EQUALITY expr  (16)
	expr : expr . GTHAN expr  (17)
	expr : expr . LTHAN expr  (18)
	expr : expr . NSUB expr  (19)
	expr : expr . NEQUAL expr  (20)
	expr : expr . AND expr  (21)
	expr : expr . OR expr  (23)
	expr : expr OR expr .  (23)

	PLUS  shift 30
	MINUS  shift 31
	TIMES  shift 32
	DIV  shift 33
	MOD  shift 34
	NSUB  shift 40
	RPAREN  reduce 23
	LBRACE  reduce 23
	RBRACE  reduce 23
	AND  reduce 23
	NOT  reduce 23
	OR  reduce 23
	LTHAN  reduce 23
	GTHAN  reduce 23
	EQUALITY  reduce 23
	NEQUAL  reduce 23
	IF  reduce 23
	ELSE  reduce 23
	END  reduce 23
	COLON  reduce 23
	LITERAL  reduce 23
	ID  reduce 23
	STR  reduce 23


state 54
	expr : expr . PLUS expr  (11)
	expr : expr . MINUS expr  (12)
	expr : expr . TIMES expr  (13)
	expr : expr . DIV expr  (14)
	expr : expr . MOD expr  (15)
	expr : expr . EQUALITY expr  (16)
	expr : expr . GTHAN expr  (17)
	expr : expr . LTHAN expr  (18)
	expr : expr LTHAN expr .  (18)
	expr : expr . NSUB expr  (19)
	expr : expr . NEQUAL expr  (20)
	expr : expr . AND expr  (21)
	expr : expr . OR expr  (23)

	PLUS  shift 30
	MINUS  shift 31
	TIMES  shift 32
	DIV  shift 33
	MOD  shift 34
	NSUB  shift 40
	RPAREN  reduce 18
	LBRACE  reduce 18
	RBRACE  reduce 18
	AND  reduce 18
	NOT  reduce 18
	OR  reduce 18
	LTHAN  reduce 18
	GTHAN  reduce 18
	EQUALITY  reduce 18
	NEQUAL  reduce 18
	IF  reduce 18
	ELSE  reduce 18
	END  reduce 18
	COLON  reduce 18
	LITERAL  reduce 18
	ID  reduce 18
	STR  reduce 18


state 55
	expr : expr . PLUS expr  (11)
	expr : expr . MINUS expr  (12)
	expr : expr . TIMES expr  (13)
	expr : expr . DIV expr  (14)
	expr : expr . MOD expr  (15)
	expr : expr . EQUALITY expr  (16)
	expr : expr . GTHAN expr  (17)
	expr : expr GTHAN expr .  (17)
	expr : expr . LTHAN expr  (18)
	expr : expr . NSUB expr  (19)
	expr : expr . NEQUAL expr  (20)
	expr : expr . AND expr  (21)
	expr : expr . OR expr  (23)

	PLUS  shift 30
	MINUS  shift 31
	TIMES  shift 32
	DIV  shift 33
	MOD  shift 34
	NSUB  shift 40
	RPAREN  reduce 17
	LBRACE  reduce 17
	RBRACE  reduce 17
	AND  reduce 17
	NOT  reduce 17
	OR  reduce 17
	LTHAN  reduce 17
	GTHAN  reduce 17
	EQUALITY  reduce 17
	NEQUAL  reduce 17
	IF  reduce 17
	ELSE  reduce 17
	END  reduce 17
	COLON  reduce 17
	LITERAL  reduce 17
	ID  reduce 17
	STR  reduce 17


state 56
	expr : expr . PLUS expr  (11)
	expr : expr . MINUS expr  (12)
	expr : expr . TIMES expr  (13)
	expr : expr . DIV expr  (14)
	expr : expr . MOD expr  (15)
	expr : expr . EQUALITY expr  (16)
	expr : expr EQUALITY expr .  (16)
	expr : expr . GTHAN expr  (17)
	expr : expr . LTHAN expr  (18)
	expr : expr . NSUB expr  (19)
	expr : expr . NEQUAL expr  (20)
	expr : expr . AND expr  (21)
	expr : expr . OR expr  (23)

	PLUS  shift 30
	MINUS  shift 31
	TIMES  shift 32
	DIV  shift 33
	MOD  shift 34
	AND  shift 35
	OR  shift 36
	LTHAN  shift 37
	GTHAN  shift 38
	NSUB  shift 40
	RPAREN  reduce 16
	LBRACE  reduce 16
	RBRACE  reduce 16
	NOT  reduce 16
	EQUALITY  reduce 16
	NEQUAL  reduce 16
	IF  reduce 16
	ELSE  reduce 16
	END  reduce 16
	COLON  reduce 16
	LITERAL  reduce 16
	ID  reduce 16
	STR  reduce 16


state 57
	expr : expr . PLUS expr  (11)
	expr : expr . MINUS expr  (12)
	expr : expr . TIMES expr  (13)
	expr : expr . DIV expr  (14)
	expr : expr . MOD expr  (15)
	expr : expr . EQUALITY expr  (16)
	expr : expr . GTHAN expr  (17)
	expr : expr . LTHAN expr  (18)
	expr : expr . NSUB expr  (19)
	expr : expr NSUB expr .  (19)
	expr : expr . NEQUAL expr  (20)
	expr : expr . AND expr  (21)
	expr : expr . OR expr  (23)

	TIMES  shift 32
	DIV  shift 33
	MOD  shift 34
	RPAREN  reduce 19
	LBRACE  reduce 19
	RBRACE  reduce 19
	PLUS  reduce 19
	MINUS  reduce 19
	AND  reduce 19
	NOT  reduce 19
	OR  reduce 19
	LTHAN  reduce 19
	GTHAN  reduce 19
	EQUALITY  reduce 19
	NSUB  reduce 19
	NEQUAL  reduce 19
	IF  reduce 19
	ELSE  reduce 19
	END  reduce 19
	COLON  reduce 19
	LITERAL  reduce 19
	ID  reduce 19
	STR  reduce 19


state 58
	expr : expr . PLUS expr  (11)
	expr : expr . MINUS expr  (12)
	expr : expr . TIMES expr  (13)
	expr : expr . DIV expr  (14)
	expr : expr . MOD expr  (15)
	expr : expr . EQUALITY expr  (16)
	expr : expr . GTHAN expr  (17)
	expr : expr . LTHAN expr  (18)
	expr : expr . NSUB expr  (19)
	expr : expr . NEQUAL expr  (20)
	expr : expr NEQUAL expr .  (20)
	expr : expr . AND expr  (21)
	expr : expr . OR expr  (23)

	PLUS  shift 30
	MINUS  shift 31
	TIMES  shift 32
	DIV  shift 33
	MOD  shift 34
	AND  shift 35
	OR  shift 36
	LTHAN  shift 37
	GTHAN  shift 38
	NSUB  shift 40
	RPAREN  reduce 20
	LBRACE  reduce 20
	RBRACE  reduce 20
	NOT  reduce 20
	EQUALITY  reduce 20
	NEQUAL  reduce 20
	IF  reduce 20
	ELSE  reduce 20
	END  reduce 20
	COLON  reduce 20
	LITERAL  reduce 20
	ID  reduce 20
	STR  reduce 20


state 59
	stmt_list : stmt_list . stmt  (7)
	stmt : IF expr COLON stmt_list . ELSE stmt_list END  (9)

	LBRACE  shift 12
	NOT  shift 13
	IF  shift 14
	ELSE  shift 61
	LITERAL  shift 15
	ID  shift 16
	STR  shift 17
	.  error

	stmt  goto 29
	expr  goto 20


state 60
	expr : ID LPAREN actuals_list RPAREN .  (28)

	.  reduce 28


state 61
	stmt : IF expr COLON stmt_list ELSE . stmt_list END  (9)

	LBRACE  shift 12
	NOT  shift 13
	IF  shift 14
	LITERAL  shift 15
	ID  shift 16
	STR  shift 17
	.  error

	stmt_list  goto 62
	stmt  goto 19
	expr  goto 20


state 62
	stmt_list : stmt_list . stmt  (7)
	stmt : IF expr COLON stmt_list ELSE stmt_list . END  (9)

	LBRACE  shift 12
	NOT  shift 13
	IF  shift 14
	END  shift 63
	LITERAL  shift 15
	ID  shift 16
	STR  shift 17
	.  error

	stmt  goto 29
	expr  goto 20


state 63
	stmt : IF expr COLON stmt_list ELSE stmt_list END .  (9)

	.  reduce 9


32 terminals, 10 nonterminals
34 grammar rules, 64 states
